<?xml version="1.0" encoding="UTF-8"?>
<testng-results skipped="0" failed="0" total="1" passed="1">
  <reporter-output>
  </reporter-output>
  <suite name="Suite" duration-ms="20656" started-at="2019-09-26T17:27:30Z" finished-at="2019-09-26T17:27:51Z">
    <groups>
    </groups>
    <test name="Test" duration-ms="20656" started-at="2019-09-26T17:27:30Z" finished-at="2019-09-26T17:27:51Z">
      <class name="tests.Testes">
        <test-method status="PASS" signature="setUp()[pri:0, instance:tests.Testes@77cd7a0]" name="setUp" is-config="true" duration-ms="7253" started-at="2019-09-26T14:27:30Z" finished-at="2019-09-26T14:27:37Z">
          <reporter-output>
          </reporter-output>
        </test-method> <!-- setUp -->
        <test-method status="PASS" signature="login(cucumber.api.testng.CucumberFeatureWrapper)[pri:0, instance:tests.Testes@77cd7a0]" name="login" duration-ms="13146" started-at="2019-09-26T14:27:37Z" description="login" data-provider="features" finished-at="2019-09-26T14:27:50Z">
          <params>
            <param index="0">
              <value>
                <![CDATA[Login no sistema]]>
              </value>
            </param>
          </params>
          <reporter-output>
          </reporter-output>
        </test-method> <!-- login -->
        <test-method status="PASS" signature="tearDown()[pri:0, instance:tests.Testes@77cd7a0]" name="tearDown" is-config="true" duration-ms="124" started-at="2019-09-26T14:27:50Z" finished-at="2019-09-26T14:27:51Z">
          <reporter-output>
          </reporter-output>
        </test-method> <!-- tearDown -->
      </class> <!-- tests.Testes -->
    </test> <!-- Test -->
  </suite> <!-- Suite -->
</testng-results>
